Using pre-set license
Built from '2020.3/staging' branch; Version is '2020.3.24f1 (79c78de19888) revision 7980941'; Using compiler version '192528614'; Build Type 'Release'
OS: 'Windows 11  (10.0.22000) 64bit Professional' Language: 'he' Physical Memory: 32596 MB
BatchMode: 1, IsHumanControllingUs: 0, StartBugReporterOnCrash: 0, Is64bit: 1, IsPro: 0

COMMAND LINE ARGUMENTS:
C:\Program Files\Unity\Hub\Editor\2020.3.24f1\Editor\Unity.exe
-adb2
-batchMode
-noUpm
-name
AssetImportWorker0
-projectPath
C:/Users/GUY/Desktop/SpaceRunner
-logFile
Logs/AssetImportWorker0.log
-srvPort
64009
Successfully changed project path to: C:/Users/GUY/Desktop/SpaceRunner
C:/Users/GUY/Desktop/SpaceRunner
Using Asset Import Pipeline V2.
Refreshing native plugins compatible for Editor in 55.03 ms, found 2 plugins.
Preloading 0 native plugins for Editor in 0.00 ms.
Initialize engine version: 2020.3.24f1 (79c78de19888)
[Subsystems] Discovering subsystems at path C:/Program Files/Unity/Hub/Editor/2020.3.24f1/Editor/Data/Resources/UnitySubsystems
[Subsystems] Discovering subsystems at path C:/Users/GUY/Desktop/SpaceRunner/Assets
GfxDevice: creating device client; threaded=0
Direct3D:
    Version:  Direct3D 11.0 [level 11.1]
    Renderer: NVIDIA GeForce RTX 3060 Ti (ID=0x2489)
    Vendor:   
    VRAM:     8050 MB
    Driver:   30.0.14.7212
Initialize mono
Mono path[0] = 'C:/Program Files/Unity/Hub/Editor/2020.3.24f1/Editor/Data/Managed'
Mono path[1] = 'C:/Program Files/Unity/Hub/Editor/2020.3.24f1/Editor/Data/MonoBleedingEdge/lib/mono/unityjit'
Mono config path = 'C:/Program Files/Unity/Hub/Editor/2020.3.24f1/Editor/Data/MonoBleedingEdge/etc'
Using monoOptions --debugger-agent=transport=dt_socket,embedding=1,server=y,suspend=n,address=127.0.0.1:56012
Begin MonoManager ReloadAssembly
Registering precompiled unity dll's ...
Register platform support module: C:/Program Files/Unity/Hub/Editor/2020.3.24f1/Editor/Data/PlaybackEngines/WindowsStandaloneSupport/UnityEditor.WindowsStandalone.Extensions.dll
Registered in 0.000777 seconds.
Native extension for WindowsStandalone target not found
Refreshing native plugins compatible for Editor in 49.97 ms, found 2 plugins.
Preloading 0 native plugins for Editor in 0.00 ms.
Mono: successfully reloaded assembly
- Completed reload, in  0.418 seconds
Domain Reload Profiling:
	ReloadAssembly (418ms)
		BeginReloadAssembly (34ms)
			ExecutionOrderSort (0ms)
			DisableScriptedObjects (0ms)
			BackupInstance (0ms)
			ReleaseScriptingObjects (0ms)
			CreateAndSetChildDomain (1ms)
		EndReloadAssembly (337ms)
			LoadAssemblies (33ms)
			RebuildTransferFunctionScriptingTraits (0ms)
			SetupTypeCache (101ms)
			ReleaseScriptCaches (0ms)
			RebuildScriptCaches (24ms)
			SetupLoadedEditorAssemblies (145ms)
				LogAssemblyErrors (0ms)
				InitializePlatformSupportModulesInManaged (4ms)
				SetLoadedEditorAssemblies (0ms)
				RefreshPlugins (50ms)
				BeforeProcessingInitializeOnLoad (11ms)
				ProcessInitializeOnLoadAttributes (60ms)
				ProcessInitializeOnLoadMethodAttributes (19ms)
				AfterProcessingInitializeOnLoad (0ms)
				EditorAssembliesLoaded (0ms)
			ExecutionOrderSort2 (0ms)
			AwakeInstancesAfterBackupRestoration (0ms)
Platform modules already initialized, skipping
Registering precompiled user dll's ...
Registered in 0.002714 seconds.
Begin MonoManager ReloadAssembly
Native extension for WindowsStandalone target not found
Refreshing native plugins compatible for Editor in 51.49 ms, found 2 plugins.
Preloading 0 native plugins for Editor in 0.00 ms.
Mono: successfully reloaded assembly
- Completed reload, in  0.805 seconds
Domain Reload Profiling:
	ReloadAssembly (805ms)
		BeginReloadAssembly (93ms)
			ExecutionOrderSort (0ms)
			DisableScriptedObjects (3ms)
			BackupInstance (0ms)
			ReleaseScriptingObjects (0ms)
			CreateAndSetChildDomain (14ms)
		EndReloadAssembly (670ms)
			LoadAssemblies (60ms)
			RebuildTransferFunctionScriptingTraits (0ms)
			SetupTypeCache (228ms)
			ReleaseScriptCaches (0ms)
			RebuildScriptCaches (38ms)
			SetupLoadedEditorAssemblies (262ms)
				LogAssemblyErrors (0ms)
				InitializePlatformSupportModulesInManaged (2ms)
				SetLoadedEditorAssemblies (0ms)
				RefreshPlugins (52ms)
				BeforeProcessingInitializeOnLoad (65ms)
				ProcessInitializeOnLoadAttributes (136ms)
				ProcessInitializeOnLoadMethodAttributes (6ms)
				AfterProcessingInitializeOnLoad (2ms)
				EditorAssembliesLoaded (0ms)
			ExecutionOrderSort2 (0ms)
			AwakeInstancesAfterBackupRestoration (4ms)
Platform modules already initialized, skipping
========================================================================
Worker process is ready to serve import requests
Launched and connected shader compiler UnityShaderCompiler.exe after 0.04 seconds
Refreshing native plugins compatible for Editor in 0.50 ms, found 2 plugins.
Preloading 0 native plugins for Editor in 0.00 ms.
Unloading 3345 Unused Serialized files (Serialized files now loaded: 0)
System memory in use before: 235.8 MB.
System memory in use after: 235.9 MB.

Unloading 20 unused Assets to reduce memory usage. Loaded Objects now: 3788.
Total: 2.432900 ms (FindLiveObjects: 0.276000 ms CreateObjectMapping: 0.079100 ms MarkObjects: 1.992200 ms  DeleteObjects: 0.084800 ms)

AssetImportParameters requested are different than current active one (requested -> active):
  custom:framework-win-MediaFoundation: 216162199b28c13a410421893ffa2e32 -> 
  custom:video-decoder-ogg-theora: a1e56fd34408186e4bbccfd4996cb3dc -> 
  custom:container-muxer-webm: aa71ff27fc2769a1b78a27578f13a17b -> 
  custom:container-demuxer-webm: 4f35f7cbe854078d1ac9338744f61a02 -> 
  custom:container-demuxer-ogg: 62fdf1f143b41e24485cea50d1cbac27 -> 
  custom:video-encoder-webm-vp8: eb34c28f22e8b96e1ab97ce403110664 -> 
  custom:video-decoder-webm-vp8: 9c59270c3fd7afecdb556c50c9e8de78 -> 
  custom:audio-decoder-ogg-vorbis: bf7c407c2cedff20999df2af8eb42d56 -> 
  custom:audio-encoder-webm-vorbis: bf7c407c2cedff20999df2af8eb42d56 -> 
========================================================================
Received Import Request.
  path: Assets/FREE Skyboxes - Sci-Fi & Fantasy/SBS Sci-Fi & Fantasy 1/SBS Sci-Fi & Fantasy 1.asset
  artifactKey: Guid(472082e20727e46408116b2b3b3d606d) Importer(815301076,1909f56bfc062723c751e8b465ee728b)
Start importing Assets/FREE Skyboxes - Sci-Fi & Fantasy/SBS Sci-Fi & Fantasy 1/SBS Sci-Fi & Fantasy 1.asset using Guid(472082e20727e46408116b2b3b3d606d) Importer(815301076,1909f56bfc062723c751e8b465ee728b)  -> (artifact id: '9b85a359b2f9898ad06e37867a3336dc') in 0.024922 seconds 
  Import took 0.029435 seconds .

========================================================================
Received Import Request.
  Time since last request: 10.619270 seconds.
  path: Assets/FREE Skyboxes - Sci-Fi & Fantasy/SBS Sci-Fi & Fantasy 2/SBS Sci-Fi & Fantasy 2.asset
  artifactKey: Guid(25c034548a750674da43f728fc491a77) Importer(815301076,1909f56bfc062723c751e8b465ee728b)
Start importing Assets/FREE Skyboxes - Sci-Fi & Fantasy/SBS Sci-Fi & Fantasy 2/SBS Sci-Fi & Fantasy 2.asset using Guid(25c034548a750674da43f728fc491a77) Importer(815301076,1909f56bfc062723c751e8b465ee728b)  -> (artifact id: '626cd4ba0f3246b77ce68e9e9bc5cb18') in 0.006024 seconds 
  Import took 0.010877 seconds .

========================================================================
Received Import Request.
  Time since last request: 42.133606 seconds.
  path: Assets/FREE Skyboxes - Sci-Fi & Fantasy/SBS Sci-Fi & Fantasy 3/Medium
  artifactKey: Guid(6e21fca1b56bbf844905187e47119fc9) Importer(815301076,1909f56bfc062723c751e8b465ee728b)
Start importing Assets/FREE Skyboxes - Sci-Fi & Fantasy/SBS Sci-Fi & Fantasy 3/Medium using Guid(6e21fca1b56bbf844905187e47119fc9) Importer(815301076,1909f56bfc062723c751e8b465ee728b)  -> (artifact id: '0e75322a779667f1247d179be040108d') in 0.004043 seconds 
  Import took 0.008225 seconds .

========================================================================
Received Import Request.
  Time since last request: 11.929510 seconds.
  path: Assets/Materials/gem - aquamraine.mat
  artifactKey: Guid(b254ca09f7e414a20b887047de186388) Importer(815301076,1909f56bfc062723c751e8b465ee728b)
Start importing Assets/Materials/gem - aquamraine.mat using Guid(b254ca09f7e414a20b887047de186388) Importer(815301076,1909f56bfc062723c751e8b465ee728b)  -> (artifact id: '5fa63314c33fb42935ac37a4b0c6ef3d') in 0.185960 seconds 
  Import took 0.190775 seconds .

========================================================================
Received Import Request.
  Time since last request: 11.804443 seconds.
  path: Assets/Particle_Effects/3D Games Effects Pack Free/_FAQ - Informations
  artifactKey: Guid(9d0d32b61eba740e98b090d2feb3dd7a) Importer(815301076,1909f56bfc062723c751e8b465ee728b)
Start importing Assets/Particle_Effects/3D Games Effects Pack Free/_FAQ - Informations using Guid(9d0d32b61eba740e98b090d2feb3dd7a) Importer(815301076,1909f56bfc062723c751e8b465ee728b)  -> (artifact id: '9819b7dd4f05c639548ca61d11d597cc') in 0.004840 seconds 
  Import took 0.009130 seconds .

========================================================================
Received Import Request.
  Time since last request: 5.347639 seconds.
  path: Assets/Particle_Effects/3D Games Effects Pack Free/_Materials
  artifactKey: Guid(d087af424f52948adbb83d5c7f4e4d9e) Importer(815301076,1909f56bfc062723c751e8b465ee728b)
Start importing Assets/Particle_Effects/3D Games Effects Pack Free/_Materials using Guid(d087af424f52948adbb83d5c7f4e4d9e) Importer(815301076,1909f56bfc062723c751e8b465ee728b)  -> (artifact id: '7e8c321042d038f3c770ddf3a1eeb240') in 0.004360 seconds 
  Import took 0.008505 seconds .

========================================================================
Received Import Request.
  Time since last request: 0.222685 seconds.
  path: Assets/Particle_Effects/3D Games Effects Pack Free/_Materials/Effect_02_8x6-48.png
  artifactKey: Guid(a9d562fa15fa947ea834e675c0c490fc) Importer(815301076,1909f56bfc062723c751e8b465ee728b)
Start importing Assets/Particle_Effects/3D Games Effects Pack Free/_Materials/Effect_02_8x6-48.png using Guid(a9d562fa15fa947ea834e675c0c490fc) Importer(815301076,1909f56bfc062723c751e8b465ee728b)  -> (artifact id: 'adfa486d6e95210dc3b8a6e45d637e89') in 0.067073 seconds 
  Import took 0.072022 seconds .

========================================================================
Received Import Request.
  Time since last request: 0.000177 seconds.
  path: Assets/Particle_Effects/3D Games Effects Pack Free/_Materials/Effect_06_8x6-48.png
  artifactKey: Guid(424e16d271aa34549b27cc6f687d71e7) Importer(815301076,1909f56bfc062723c751e8b465ee728b)
Start importing Assets/Particle_Effects/3D Games Effects Pack Free/_Materials/Effect_06_8x6-48.png using Guid(424e16d271aa34549b27cc6f687d71e7) Importer(815301076,1909f56bfc062723c751e8b465ee728b)  -> (artifact id: '001aa4761fb2489ab8126559fbe774b5') in 0.039485 seconds 
  Import took 0.044036 seconds .

========================================================================
Received Import Request.
  Time since last request: 0.000194 seconds.
  path: Assets/Particle_Effects/3D Games Effects Pack Free/_Materials/Effect_04_8x4-32.png
  artifactKey: Guid(fd38e967a28d645b9a29968c3cc113cc) Importer(815301076,1909f56bfc062723c751e8b465ee728b)
Start importing Assets/Particle_Effects/3D Games Effects Pack Free/_Materials/Effect_04_8x4-32.png using Guid(fd38e967a28d645b9a29968c3cc113cc) Importer(815301076,1909f56bfc062723c751e8b465ee728b)  -> (artifact id: '2164a9eac96d5df8c52a88b4dc898d40') in 0.024057 seconds 
  Import took 0.027624 seconds .

========================================================================
Received Import Request.
  Time since last request: 0.000190 seconds.
  path: Assets/Particle_Effects/3D Games Effects Pack Free/_Materials/Effect_03_8x4-32.png
  artifactKey: Guid(611ab02a1b0c34eacac1a04aa2bdcddc) Importer(815301076,1909f56bfc062723c751e8b465ee728b)
Start importing Assets/Particle_Effects/3D Games Effects Pack Free/_Materials/Effect_03_8x4-32.png using Guid(611ab02a1b0c34eacac1a04aa2bdcddc) Importer(815301076,1909f56bfc062723c751e8b465ee728b)  -> (artifact id: '178e9cefa21de584acab657cfed14f74') in 0.023935 seconds 
  Import took 0.027447 seconds .

========================================================================
Received Import Request.
  Time since last request: 0.000324 seconds.
  path: Assets/Particle_Effects/3D Games Effects Pack Free/_Materials/Effect_05_8x8-64.png
  artifactKey: Guid(5031a0115db7440e7b931c0503af22f6) Importer(815301076,1909f56bfc062723c751e8b465ee728b)
Start importing Assets/Particle_Effects/3D Games Effects Pack Free/_Materials/Effect_05_8x8-64.png using Guid(5031a0115db7440e7b931c0503af22f6) Importer(815301076,1909f56bfc062723c751e8b465ee728b)  -> (artifact id: '3ed81908f53da8b53de335eccdcfb3b0') in 0.028048 seconds 
  Import took 0.032707 seconds .

========================================================================
Received Import Request.
  Time since last request: 0.000192 seconds.
  path: Assets/Particle_Effects/3D Games Effects Pack Free/_Materials/Effect_08_8x4-32.png
  artifactKey: Guid(ab1845f625a5f4d69a0d517d25674ea6) Importer(815301076,1909f56bfc062723c751e8b465ee728b)
Start importing Assets/Particle_Effects/3D Games Effects Pack Free/_Materials/Effect_08_8x4-32.png using Guid(ab1845f625a5f4d69a0d517d25674ea6) Importer(815301076,1909f56bfc062723c751e8b465ee728b)  -> (artifact id: '0b0003929931a7042986577b863b4499') in 0.015123 seconds 
  Import took 0.018573 seconds .

========================================================================
Received Import Request.
  Time since last request: 0.000255 seconds.
  path: Assets/Particle_Effects/3D Games Effects Pack Free/_Materials/Effect_07_8x8-64.png
  artifactKey: Guid(411d5d12701d34c578b3282ddfab9b0c) Importer(815301076,1909f56bfc062723c751e8b465ee728b)
Start importing Assets/Particle_Effects/3D Games Effects Pack Free/_Materials/Effect_07_8x8-64.png using Guid(411d5d12701d34c578b3282ddfab9b0c) Importer(815301076,1909f56bfc062723c751e8b465ee728b)  -> (artifact id: '655f6739c16eddf381aacfee8c785d2c') in 0.035612 seconds 
  Import took 0.040034 seconds .

========================================================================
Received Import Request.
  Time since last request: 47.472441 seconds.
  path: Assets/Particle_Effects/3D Games Effects Pack Free/_Showroom/FBX_Importer.preset
  artifactKey: Guid(d3ed1384c29c5664eb368725bbe3ef77) Importer(815301076,1909f56bfc062723c751e8b465ee728b)
Start importing Assets/Particle_Effects/3D Games Effects Pack Free/_Showroom/FBX_Importer.preset using Guid(d3ed1384c29c5664eb368725bbe3ef77) Importer(815301076,1909f56bfc062723c751e8b465ee728b)  -> (artifact id: 'c99add89806f74fcf52f0eeafb7ded0d') in 0.011313 seconds 
  Import took 0.017473 seconds .

========================================================================
Received Import Request.
  Time since last request: 6.769780 seconds.
  path: Assets/Particle_Effects/3D Games Effects Pack Free/Example_01/LightingData.asset
  artifactKey: Guid(0b3b5526cb8dd4511813f2c8c4c5bec6) Importer(815301076,1909f56bfc062723c751e8b465ee728b)
Start importing Assets/Particle_Effects/3D Games Effects Pack Free/Example_01/LightingData.asset using Guid(0b3b5526cb8dd4511813f2c8c4c5bec6) Importer(815301076,1909f56bfc062723c751e8b465ee728b)  -> (artifact id: 'cd12751205b0cb0d850b596f74e78a44') in 0.025088 seconds 
  Import took 0.029298 seconds .

========================================================================
Received Import Request.
  Time since last request: 0.000236 seconds.
  path: Assets/Particle_Effects/3D Games Effects Pack Free/Example_01/ReflectionProbe-0.exr
  artifactKey: Guid(1ded7af17884d4f559dd88cb3f938fde) Importer(815301076,1909f56bfc062723c751e8b465ee728b)
Start importing Assets/Particle_Effects/3D Games Effects Pack Free/Example_01/ReflectionProbe-0.exr using Guid(1ded7af17884d4f559dd88cb3f938fde) Importer(815301076,1909f56bfc062723c751e8b465ee728b)  -> (artifact id: '87722322b0a6aa29c8ac062d22a2294f') in 0.050147 seconds 
  Import took 0.053621 seconds .

========================================================================
Received Import Request.
  Time since last request: 3.914807 seconds.
  path: Assets/Particle_Effects/3D Games Effects Pack Free/Example_02/Help For One Shoot.png
  artifactKey: Guid(489caf7fdc6d643fa9bb7955efd6bfa6) Importer(815301076,1909f56bfc062723c751e8b465ee728b)
Start importing Assets/Particle_Effects/3D Games Effects Pack Free/Example_02/Help For One Shoot.png using Guid(489caf7fdc6d643fa9bb7955efd6bfa6) Importer(815301076,1909f56bfc062723c751e8b465ee728b)  -> (artifact id: 'f303e29f62a5407798fa13af7ab222f2') in 0.010763 seconds 
  Import took 0.014948 seconds .

========================================================================
Received Import Request.
  Time since last request: 0.000155 seconds.
  path: Assets/Particle_Effects/3D Games Effects Pack Free/Example_02/Help For Particle Delay.png
  artifactKey: Guid(6f82f2fd0752c4be0ba8fdf1ca6fce50) Importer(815301076,1909f56bfc062723c751e8b465ee728b)
Start importing Assets/Particle_Effects/3D Games Effects Pack Free/Example_02/Help For Particle Delay.png using Guid(6f82f2fd0752c4be0ba8fdf1ca6fce50) Importer(815301076,1909f56bfc062723c751e8b465ee728b)  -> (artifact id: '9107256f6e58f09ad247edb75fb2ab60') in 0.017819 seconds 
  Import took 0.021283 seconds .

========================================================================
Received Prepare
Registering precompiled user dll's ...
Registered in 0.002291 seconds.
Begin MonoManager ReloadAssembly
Native extension for WindowsStandalone target not found
Refreshing native plugins compatible for Editor in 0.49 ms, found 2 plugins.
Preloading 0 native plugins for Editor in 0.00 ms.
Mono: successfully reloaded assembly
- Completed reload, in  0.714 seconds
Domain Reload Profiling:
	ReloadAssembly (715ms)
		BeginReloadAssembly (104ms)
			ExecutionOrderSort (0ms)
			DisableScriptedObjects (4ms)
			BackupInstance (0ms)
			ReleaseScriptingObjects (0ms)
			CreateAndSetChildDomain (36ms)
		EndReloadAssembly (573ms)
			LoadAssemblies (57ms)
			RebuildTransferFunctionScriptingTraits (0ms)
			SetupTypeCache (199ms)
			ReleaseScriptCaches (1ms)
			RebuildScriptCaches (28ms)
			SetupLoadedEditorAssemblies (200ms)
				LogAssemblyErrors (0ms)
				InitializePlatformSupportModulesInManaged (2ms)
				SetLoadedEditorAssemblies (0ms)
				RefreshPlugins (1ms)
				BeforeProcessingInitializeOnLoad (56ms)
				ProcessInitializeOnLoadAttributes (132ms)
				ProcessInitializeOnLoadMethodAttributes (6ms)
				AfterProcessingInitializeOnLoad (3ms)
				EditorAssembliesLoaded (0ms)
			ExecutionOrderSort2 (0ms)
			AwakeInstancesAfterBackupRestoration (10ms)
Platform modules already initialized, skipping
Refreshing native plugins compatible for Editor in 0.49 ms, found 2 plugins.
Preloading 0 native plugins for Editor in 0.00 ms.
Unloading 3171 Unused Serialized files (Serialized files now loaded: 0)
System memory in use before: 227.8 MB.
System memory in use after: 228.0 MB.

Unloading 17 unused Assets to reduce memory usage. Loaded Objects now: 3872.
Total: 2.301600 ms (FindLiveObjects: 0.196000 ms CreateObjectMapping: 0.072500 ms MarkObjects: 1.958500 ms  DeleteObjects: 0.073800 ms)

AssetImportParameters requested are different than current active one (requested -> active):
  custom:framework-win-MediaFoundation: 216162199b28c13a410421893ffa2e32 -> 
  custom:video-decoder-ogg-theora: a1e56fd34408186e4bbccfd4996cb3dc -> 
  custom:container-muxer-webm: aa71ff27fc2769a1b78a27578f13a17b -> 
  custom:container-demuxer-webm: 4f35f7cbe854078d1ac9338744f61a02 -> 
  custom:container-demuxer-ogg: 62fdf1f143b41e24485cea50d1cbac27 -> 
  custom:video-encoder-webm-vp8: eb34c28f22e8b96e1ab97ce403110664 -> 
  custom:video-decoder-webm-vp8: 9c59270c3fd7afecdb556c50c9e8de78 -> 
  custom:audio-decoder-ogg-vorbis: bf7c407c2cedff20999df2af8eb42d56 -> 
  custom:audio-encoder-webm-vorbis: bf7c407c2cedff20999df2af8eb42d56 -> 
========================================================================
Received Import Request.
  Time since last request: 198.081277 seconds.
  path: Assets/YughuesFreeMetalMaterials/Demo/DEMO_YFMM_SphereMesh.FBX
  artifactKey: Guid(4f949ae83a043c64d9ee5d95fc9db193) Importer(815301076,1909f56bfc062723c751e8b465ee728b)
Start importing Assets/YughuesFreeMetalMaterials/Demo/DEMO_YFMM_SphereMesh.FBX using Guid(4f949ae83a043c64d9ee5d95fc9db193) Importer(815301076,1909f56bfc062723c751e8b465ee728b)  -> (artifact id: 'c4dbff695f76ba056fe32976434b1d39') in 0.166557 seconds 
  Import took 0.172044 seconds .

========================================================================
Received Import Request.
  Time since last request: 0.000317 seconds.
  path: Assets/YughuesFreeMetalMaterials/Demo/P_DEMO_YFMM_Spheres.prefab
  artifactKey: Guid(e3750ed9101e1b641a1c62d48ef3dac0) Importer(815301076,1909f56bfc062723c751e8b465ee728b)
Start importing Assets/YughuesFreeMetalMaterials/Demo/P_DEMO_YFMM_Spheres.prefab using Guid(e3750ed9101e1b641a1c62d48ef3dac0) Importer(815301076,1909f56bfc062723c751e8b465ee728b)  -> (artifact id: '54718492211485c6ccc5f8a3483b9ca2') in 0.678337 seconds 
  Import took 0.691005 seconds .

========================================================================
Received Import Request.
  Time since last request: 145.595945 seconds.
  path: Assets/Materials/M_YFMM_16.mat
  artifactKey: Guid(54eb0a880c35ecd4fa56b3b6c33e8aaa) Importer(815301076,1909f56bfc062723c751e8b465ee728b)
Start importing Assets/Materials/M_YFMM_16.mat using Guid(54eb0a880c35ecd4fa56b3b6c33e8aaa) Importer(815301076,1909f56bfc062723c751e8b465ee728b)  -> (artifact id: '3348634c8402dd04770a9771a19e0c65') in 0.026761 seconds 
  Import took 0.031538 seconds .

========================================================================
Received Import Request.
  Time since last request: 0.000312 seconds.
  path: Assets/Materials/M_YFMM_48.mat
  artifactKey: Guid(a7a35a310f4bf234099e346d4c063b79) Importer(815301076,1909f56bfc062723c751e8b465ee728b)
Start importing Assets/Materials/M_YFMM_48.mat using Guid(a7a35a310f4bf234099e346d4c063b79) Importer(815301076,1909f56bfc062723c751e8b465ee728b)  -> (artifact id: '09a788c3b3d841186ad9a2d239bc59f4') in 0.010790 seconds 
  Import took 0.014856 seconds .

========================================================================
Received Prepare
Registering precompiled user dll's ...
Registered in 0.002340 seconds.
Begin MonoManager ReloadAssembly
Native extension for WindowsStandalone target not found
Refreshing native plugins compatible for Editor in 0.45 ms, found 2 plugins.
Preloading 0 native plugins for Editor in 0.00 ms.
Mono: successfully reloaded assembly
- Completed reload, in  0.695 seconds
Domain Reload Profiling:
	ReloadAssembly (696ms)
		BeginReloadAssembly (89ms)
			ExecutionOrderSort (0ms)
			DisableScriptedObjects (4ms)
			BackupInstance (0ms)
			ReleaseScriptingObjects (0ms)
			CreateAndSetChildDomain (35ms)
		EndReloadAssembly (570ms)
			LoadAssemblies (53ms)
			RebuildTransferFunctionScriptingTraits (0ms)
			SetupTypeCache (192ms)
			ReleaseScriptCaches (1ms)
			RebuildScriptCaches (32ms)
			SetupLoadedEditorAssemblies (200ms)
				LogAssemblyErrors (0ms)
				InitializePlatformSupportModulesInManaged (2ms)
				SetLoadedEditorAssemblies (0ms)
				RefreshPlugins (0ms)
				BeforeProcessingInitializeOnLoad (59ms)
				ProcessInitializeOnLoadAttributes (130ms)
				ProcessInitializeOnLoadMethodAttributes (5ms)
				AfterProcessingInitializeOnLoad (2ms)
				EditorAssembliesLoaded (0ms)
			ExecutionOrderSort2 (0ms)
			AwakeInstancesAfterBackupRestoration (11ms)
Platform modules already initialized, skipping
Refreshing native plugins compatible for Editor in 0.47 ms, found 2 plugins.
Preloading 0 native plugins for Editor in 0.00 ms.
Unloading 3171 Unused Serialized files (Serialized files now loaded: 0)
System memory in use before: 228.3 MB.
System memory in use after: 228.5 MB.

Unloading 16 unused Assets to reduce memory usage. Loaded Objects now: 3913.
Total: 2.316100 ms (FindLiveObjects: 0.196000 ms CreateObjectMapping: 0.075100 ms MarkObjects: 1.968300 ms  DeleteObjects: 0.075700 ms)

AssetImportParameters requested are different than current active one (requested -> active):
  custom:framework-win-MediaFoundation: 216162199b28c13a410421893ffa2e32 -> 
  custom:video-decoder-ogg-theora: a1e56fd34408186e4bbccfd4996cb3dc -> 
  custom:container-muxer-webm: aa71ff27fc2769a1b78a27578f13a17b -> 
  custom:container-demuxer-webm: 4f35f7cbe854078d1ac9338744f61a02 -> 
  custom:container-demuxer-ogg: 62fdf1f143b41e24485cea50d1cbac27 -> 
  custom:video-encoder-webm-vp8: eb34c28f22e8b96e1ab97ce403110664 -> 
  custom:video-decoder-webm-vp8: 9c59270c3fd7afecdb556c50c9e8de78 -> 
  custom:audio-decoder-ogg-vorbis: bf7c407c2cedff20999df2af8eb42d56 -> 
  custom:audio-encoder-webm-vorbis: bf7c407c2cedff20999df2af8eb42d56 -> 
========================================================================
Received Prepare
Registering precompiled user dll's ...
Registered in 0.002433 seconds.
Begin MonoManager ReloadAssembly
Native extension for WindowsStandalone target not found
Refreshing native plugins compatible for Editor in 0.49 ms, found 2 plugins.
Preloading 0 native plugins for Editor in 0.00 ms.
Mono: successfully reloaded assembly
- Completed reload, in  0.713 seconds
Domain Reload Profiling:
	ReloadAssembly (713ms)
		BeginReloadAssembly (87ms)
			ExecutionOrderSort (0ms)
			DisableScriptedObjects (3ms)
			BackupInstance (0ms)
			ReleaseScriptingObjects (0ms)
			CreateAndSetChildDomain (30ms)
		EndReloadAssembly (589ms)
			LoadAssemblies (55ms)
			RebuildTransferFunctionScriptingTraits (0ms)
			SetupTypeCache (199ms)
			ReleaseScriptCaches (1ms)
			RebuildScriptCaches (29ms)
			SetupLoadedEditorAssemblies (217ms)
				LogAssemblyErrors (0ms)
				InitializePlatformSupportModulesInManaged (3ms)
				SetLoadedEditorAssemblies (0ms)
				RefreshPlugins (1ms)
				BeforeProcessingInitializeOnLoad (57ms)
				ProcessInitializeOnLoadAttributes (146ms)
				ProcessInitializeOnLoadMethodAttributes (7ms)
				AfterProcessingInitializeOnLoad (3ms)
				EditorAssembliesLoaded (0ms)
			ExecutionOrderSort2 (0ms)
			AwakeInstancesAfterBackupRestoration (10ms)
Platform modules already initialized, skipping
Refreshing native plugins compatible for Editor in 0.47 ms, found 2 plugins.
Preloading 0 native plugins for Editor in 0.00 ms.
Unloading 3171 Unused Serialized files (Serialized files now loaded: 0)
System memory in use before: 228.3 MB.
System memory in use after: 228.5 MB.

Unloading 16 unused Assets to reduce memory usage. Loaded Objects now: 3915.
Total: 2.255100 ms (FindLiveObjects: 0.195100 ms CreateObjectMapping: 0.069000 ms MarkObjects: 1.919100 ms  DeleteObjects: 0.071500 ms)

AssetImportParameters requested are different than current active one (requested -> active):
  custom:framework-win-MediaFoundation: 216162199b28c13a410421893ffa2e32 -> 
  custom:video-decoder-ogg-theora: a1e56fd34408186e4bbccfd4996cb3dc -> 
  custom:container-muxer-webm: aa71ff27fc2769a1b78a27578f13a17b -> 
  custom:container-demuxer-webm: 4f35f7cbe854078d1ac9338744f61a02 -> 
  custom:container-demuxer-ogg: 62fdf1f143b41e24485cea50d1cbac27 -> 
  custom:video-encoder-webm-vp8: eb34c28f22e8b96e1ab97ce403110664 -> 
  custom:video-decoder-webm-vp8: 9c59270c3fd7afecdb556c50c9e8de78 -> 
  custom:audio-decoder-ogg-vorbis: bf7c407c2cedff20999df2af8eb42d56 -> 
  custom:audio-encoder-webm-vorbis: bf7c407c2cedff20999df2af8eb42d56 -> 
AssetImportWorkerClient::OnTransportError - code=2 error=End of file
